
> react-typescript-starter@0.1.0 test
> react-scripts test "--coverage"

PASS src/arrays.test.ts
  ● Console

    console.log
      [ 1, 2, 3 ]

      at injectPositive (src/arrays.ts:137:13)

    console.log
      [ 100, 300, 200 ]

      at injectPositive (src/arrays.ts:137:13)

    console.log
      [ 5 ]

      at injectPositive (src/arrays.ts:137:13)

    console.log
      []

      at injectPositive (src/arrays.ts:137:13)

    console.log
      [ 100, 199, 1, -5, 7, 3 ]

      at injectPositive (src/arrays.ts:137:13)

    console.log
      [ 100, 199, 1, -5, 7, 3 ]

      at injectPositive (src/arrays.ts:148:13)

    console.log
      [ 100, 199, 1, -5, 7, 3 ]

      at injectPositive (src/arrays.ts:157:13)

    console.log
      [ 100, 199, 1, -5, 7, 3 ]

      at injectPositive (src/arrays.ts:166:13)

    console.log
      [ -100, -200, 100, 200 ]

      at injectPositive (src/arrays.ts:137:13)

    console.log
      [ -100, -200, 100, 200 ]

      at injectPositive (src/arrays.ts:148:13)

    console.log
      [ -100, -200, 100, 200 ]

      at injectPositive (src/arrays.ts:157:13)

    console.log
      [ -100, -200, 100, 200 ]

      at injectPositive (src/arrays.ts:166:13)

    console.log
      [ 199, 1, 550, 50, 200 ]

      at injectPositive (src/arrays.ts:137:13)

PASS src/HtmlCss.test.tsx
PASS src/functions.test.ts
PASS src/text.test.tsx
PASS src/App.test.tsx
--------------|---------|----------|---------|---------|-------------------
File          | % Stmts | % Branch | % Funcs | % Lines | Uncovered Line #s 
--------------|---------|----------|---------|---------|-------------------
All files     |     100 |      100 |     100 |     100 |                   
 App.tsx      |     100 |      100 |     100 |     100 |                   
 arrays.ts    |     100 |      100 |     100 |     100 |                   
 functions.ts |     100 |      100 |     100 |     100 |                   
--------------|---------|----------|---------|---------|-------------------

Test Suites: 5 passed, 5 total
Tests:       23 passed, 23 total
Snapshots:   0 total
Time:        4.599 s
Ran all test suites.
